<?xml version="1.0" encoding="UTF-8"?>
<!-- Generated by org.testng.reporters.JUnitReportReporter -->
<testsuite skipped="0" hostname="BIZREN228" name="com.codingRound.HotelBooking.HotelBooking" tests="1" failures="0" timestamp="07 May 2018 17:46:35 GMT" time="38.506" errors="0">
  <testcase name="shouldBeAbleToSearchForHotels" time="38.506" classname="com.codingRound.HotelBooking.HotelBooking"/>
</testsuite> <!-- com.codingRound.HotelBooking.HotelBooking -->
