<?xml version="1.0" encoding="UTF-8"?>
<!-- Generated by org.testng.reporters.JUnitReportReporter -->
<testsuite skipped="0" hostname="BIZREN228" name="com.codingRound.FlightBookingTest.FlightBookingTest" tests="1" failures="0" timestamp="07 May 2018 17:46:35 GMT" time="32.694" errors="0">
  <testcase name="testThatResultsAppearForAOneWayJourney" time="32.694" classname="com.codingRound.FlightBookingTest.FlightBookingTest"/>
</testsuite> <!-- com.codingRound.FlightBookingTest.FlightBookingTest -->
