<?xml version="1.0" encoding="UTF-8"?>
<!-- Generated by org.testng.reporters.JUnitReportReporter -->
<testsuite skipped="0" hostname="BIZREN228" name="com.codingRound.signintest.Signintest" tests="1" failures="0" timestamp="07 May 2018 17:46:35 GMT" time="17.389" errors="0">
  <testcase name="shouldThrowAnErrorIfSignInDetailsAreMissing" time="17.389" classname="com.codingRound.signintest.Signintest"/>
</testsuite> <!-- com.codingRound.signintest.Signintest -->
